0 info it worked if it ends with ok
1 verbose cli [ 'c:\\Program Files\\nodejs\\node.exe',
1 verbose cli   'C:\\Users\\Artur\\AppData\\Roaming\\npm\\node_modules\\npm\\bin\\npm-cli.js',
1 verbose cli   'install',
1 verbose cli   '--save',
1 verbose cli   'canvas-tile-map' ]
2 info using npm@3.5.3
3 info using node@v6.9.1
4 silly loadCurrentTree Starting
5 silly install loadCurrentTree
6 silly install readLocalPackageData
7 silly fetchPackageMetaData canvas-tile-map
8 silly fetchNamedPackageData canvas-tile-map
9 silly mapToRegistry name canvas-tile-map
10 silly mapToRegistry using default registry
11 silly mapToRegistry registry https://registry.npmjs.org/
12 silly mapToRegistry uri https://registry.npmjs.org/canvas-tile-map
13 verbose request uri https://registry.npmjs.org/canvas-tile-map
14 verbose request no auth needed
15 info attempt registry request try #1 at 21:27:00
16 verbose request id e41cd9eec671fedb
17 http request GET https://registry.npmjs.org/canvas-tile-map
18 info retry will retry, error on last attempt: Error: tunneling socket could not be established, cause=getaddrinfo ENOTFOUND 81 81:80
19 info attempt registry request try #2 at 21:27:12
20 http request GET https://registry.npmjs.org/canvas-tile-map
21 info retry will retry, error on last attempt: Error: tunneling socket could not be established, cause=getaddrinfo ENOTFOUND 81 81:80
22 info attempt registry request try #3 at 21:28:14
23 http request GET https://registry.npmjs.org/canvas-tile-map
24 silly fetchPackageMetaData Error: tunneling socket could not be established, cause=getaddrinfo ENOTFOUND 81 81:80
24 silly fetchPackageMetaData     at ClientRequest.onError (C:\Users\Artur\AppData\Roaming\npm\node_modules\npm\node_modules\request\node_modules\tunnel-agent\index.js:176:17)
24 silly fetchPackageMetaData     at ClientRequest.g (events.js:291:16)
24 silly fetchPackageMetaData     at emitOne (events.js:96:13)
24 silly fetchPackageMetaData     at ClientRequest.emit (events.js:188:7)
24 silly fetchPackageMetaData     at Socket.socketErrorListener (_http_client.js:310:9)
24 silly fetchPackageMetaData     at emitOne (events.js:96:13)
24 silly fetchPackageMetaData     at Socket.emit (events.js:188:7)
24 silly fetchPackageMetaData     at connectErrorNT (net.js:1020:8)
24 silly fetchPackageMetaData     at _combinedTickCallback (internal/process/next_tick.js:74:11)
24 silly fetchPackageMetaData     at process._tickCallback (internal/process/next_tick.js:98:9)
24 silly fetchPackageMetaData  error for canvas-tile-map { Error: tunneling socket could not be established, cause=getaddrinfo ENOTFOUND 81 81:80
24 silly fetchPackageMetaData     at ClientRequest.onError (C:\Users\Artur\AppData\Roaming\npm\node_modules\npm\node_modules\request\node_modules\tunnel-agent\index.js:176:17)
24 silly fetchPackageMetaData     at ClientRequest.g (events.js:291:16)
24 silly fetchPackageMetaData     at emitOne (events.js:96:13)
24 silly fetchPackageMetaData     at ClientRequest.emit (events.js:188:7)
24 silly fetchPackageMetaData     at Socket.socketErrorListener (_http_client.js:310:9)
24 silly fetchPackageMetaData     at emitOne (events.js:96:13)
24 silly fetchPackageMetaData     at Socket.emit (events.js:188:7)
24 silly fetchPackageMetaData     at connectErrorNT (net.js:1020:8)
24 silly fetchPackageMetaData     at _combinedTickCallback (internal/process/next_tick.js:74:11)
24 silly fetchPackageMetaData     at process._tickCallback (internal/process/next_tick.js:98:9) code: 'ECONNRESET' }
25 silly rollbackFailedOptional Starting
26 silly rollbackFailedOptional Finishing
27 silly runTopLevelLifecycles Starting
28 silly runTopLevelLifecycles Finishing
29 silly install printInstalled
30 verbose stack Error: tunneling socket could not be established, cause=getaddrinfo ENOTFOUND 81 81:80
30 verbose stack     at ClientRequest.onError (C:\Users\Artur\AppData\Roaming\npm\node_modules\npm\node_modules\request\node_modules\tunnel-agent\index.js:176:17)
30 verbose stack     at ClientRequest.g (events.js:291:16)
30 verbose stack     at emitOne (events.js:96:13)
30 verbose stack     at ClientRequest.emit (events.js:188:7)
30 verbose stack     at Socket.socketErrorListener (_http_client.js:310:9)
30 verbose stack     at emitOne (events.js:96:13)
30 verbose stack     at Socket.emit (events.js:188:7)
30 verbose stack     at connectErrorNT (net.js:1020:8)
30 verbose stack     at _combinedTickCallback (internal/process/next_tick.js:74:11)
30 verbose stack     at process._tickCallback (internal/process/next_tick.js:98:9)
31 verbose cwd c:\Users\Artur\Documents\game-modules\pokemongo2d
32 error Windows_NT 6.2.9200
33 error argv "c:\\Program Files\\nodejs\\node.exe" "C:\\Users\\Artur\\AppData\\Roaming\\npm\\node_modules\\npm\\bin\\npm-cli.js" "install" "--save" "canvas-tile-map"
34 error node v6.9.1
35 error npm  v3.5.3
36 error code ECONNRESET
37 error network tunneling socket could not be established, cause=getaddrinfo ENOTFOUND 81 81:80
38 error network This is most likely not a problem with npm itself
38 error network and is related to network connectivity.
38 error network In most cases you are behind a proxy or have bad network settings.
38 error network
38 error network If you are behind a proxy, please make sure that the
38 error network 'proxy' config is set properly.  See: 'npm help config'
39 verbose exit [ 1, true ]
